00:53:11.069 DEBUG org.mybatis.generator.logging.commons.JakartaCommonsLoggingImpl 49 debug - Logging initialized using 'org.mybatis.generator.logging.commons.JakartaCommonsLoggingLogFactory@76f7d241' adapter.
00:53:11.089 DEBUG org.mybatis.generator.logging.commons.JakartaCommonsLoggingImpl 49 debug - Retrieving column information for table "orgs"
00:53:11.122 DEBUG org.mybatis.generator.logging.commons.JakartaCommonsLoggingImpl 49 debug - Found column "orgId", data type 4, in table "volunteerPlatform..orgs"
00:53:11.124 DEBUG org.mybatis.generator.logging.commons.JakartaCommonsLoggingImpl 49 debug - Found column "orgManagerId", data type 4, in table "volunteerPlatform..orgs"
00:53:11.125 DEBUG org.mybatis.generator.logging.commons.JakartaCommonsLoggingImpl 49 debug - Found column "managerId", data type 4, in table "volunteerPlatform..orgs"
00:53:11.127 DEBUG org.mybatis.generator.logging.commons.JakartaCommonsLoggingImpl 49 debug - Found column "orgName", data type 12, in table "volunteerPlatform..orgs"
00:53:11.129 DEBUG org.mybatis.generator.logging.commons.JakartaCommonsLoggingImpl 49 debug - Found column "orgProvince", data type 12, in table "volunteerPlatform..orgs"
00:53:11.130 DEBUG org.mybatis.generator.logging.commons.JakartaCommonsLoggingImpl 49 debug - Found column "orgCity", data type 12, in table "volunteerPlatform..orgs"
00:53:11.130 DEBUG org.mybatis.generator.logging.commons.JakartaCommonsLoggingImpl 49 debug - Found column "orgAddress", data type 12, in table "volunteerPlatform..orgs"
00:53:11.132 DEBUG org.mybatis.generator.logging.commons.JakartaCommonsLoggingImpl 49 debug - Found column "orgEmail", data type 12, in table "volunteerPlatform..orgs"
00:53:11.138 DEBUG org.mybatis.generator.logging.commons.JakartaCommonsLoggingImpl 49 debug - Found column "principal", data type 12, in table "volunteerPlatform..orgs"
00:53:11.139 DEBUG org.mybatis.generator.logging.commons.JakartaCommonsLoggingImpl 49 debug - Found column "principalTel", data type 12, in table "volunteerPlatform..orgs"
00:53:11.140 DEBUG org.mybatis.generator.logging.commons.JakartaCommonsLoggingImpl 49 debug - Found column "principalIDNumber", data type 12, in table "volunteerPlatform..orgs"
00:53:11.141 DEBUG org.mybatis.generator.logging.commons.JakartaCommonsLoggingImpl 49 debug - Found column "orgType", data type 4, in table "volunteerPlatform..orgs"
00:53:11.143 DEBUG org.mybatis.generator.logging.commons.JakartaCommonsLoggingImpl 49 debug - Found column "orgLogo", data type 12, in table "volunteerPlatform..orgs"
00:53:11.144 DEBUG org.mybatis.generator.logging.commons.JakartaCommonsLoggingImpl 49 debug - Found column "orgDescription", data type 12, in table "volunteerPlatform..orgs"
00:53:11.160 DEBUG org.mybatis.generator.logging.commons.JakartaCommonsLoggingImpl 49 debug - Retrieving column information for table "orgTypes"
00:53:11.169 DEBUG org.mybatis.generator.logging.commons.JakartaCommonsLoggingImpl 49 debug - Found column "orgTypeId", data type 4, in table "volunteerPlatform..orgTypes"
00:53:11.172 DEBUG org.mybatis.generator.logging.commons.JakartaCommonsLoggingImpl 49 debug - Found column "orgTypeName", data type 12, in table "volunteerPlatform..orgTypes"
00:53:11.176 DEBUG org.mybatis.generator.logging.commons.JakartaCommonsLoggingImpl 49 debug - Retrieving column information for table "activities"
00:53:11.185 DEBUG org.mybatis.generator.logging.commons.JakartaCommonsLoggingImpl 49 debug - Found column "activityId", data type 4, in table "volunteerPlatform..activities"
00:53:11.186 DEBUG org.mybatis.generator.logging.commons.JakartaCommonsLoggingImpl 49 debug - Found column "orgManagerId", data type 4, in table "volunteerPlatform..activities"
00:53:11.187 DEBUG org.mybatis.generator.logging.commons.JakartaCommonsLoggingImpl 49 debug - Found column "activityTitle", data type 12, in table "volunteerPlatform..activities"
00:53:11.188 DEBUG org.mybatis.generator.logging.commons.JakartaCommonsLoggingImpl 49 debug - Found column "activityDetail", data type 12, in table "volunteerPlatform..activities"
00:53:11.189 DEBUG org.mybatis.generator.logging.commons.JakartaCommonsLoggingImpl 49 debug - Found column "activityType", data type 4, in table "volunteerPlatform..activities"
00:53:11.190 DEBUG org.mybatis.generator.logging.commons.JakartaCommonsLoggingImpl 49 debug - Found column "startTime", data type 93, in table "volunteerPlatform..activities"
00:53:11.194 DEBUG org.mybatis.generator.logging.commons.JakartaCommonsLoggingImpl 49 debug - Found column "endTime", data type 93, in table "volunteerPlatform..activities"
00:53:11.195 DEBUG org.mybatis.generator.logging.commons.JakartaCommonsLoggingImpl 49 debug - Found column "activityProvince", data type 12, in table "volunteerPlatform..activities"
00:53:11.196 DEBUG org.mybatis.generator.logging.commons.JakartaCommonsLoggingImpl 49 debug - Found column "activityCity", data type 12, in table "volunteerPlatform..activities"
00:53:11.197 DEBUG org.mybatis.generator.logging.commons.JakartaCommonsLoggingImpl 49 debug - Found column "activitySite", data type 12, in table "volunteerPlatform..activities"
00:53:11.198 DEBUG org.mybatis.generator.logging.commons.JakartaCommonsLoggingImpl 49 debug - Found column "activityOrg", data type 12, in table "volunteerPlatform..activities"
00:53:11.199 DEBUG org.mybatis.generator.logging.commons.JakartaCommonsLoggingImpl 49 debug - Found column "activityPrincipal", data type 12, in table "volunteerPlatform..activities"
00:53:11.201 DEBUG org.mybatis.generator.logging.commons.JakartaCommonsLoggingImpl 49 debug - Found column "activityPrincipalTel", data type 12, in table "volunteerPlatform..activities"
00:53:11.203 DEBUG org.mybatis.generator.logging.commons.JakartaCommonsLoggingImpl 49 debug - Found column "participatorNumber", data type 12, in table "volunteerPlatform..activities"
00:53:11.205 DEBUG org.mybatis.generator.logging.commons.JakartaCommonsLoggingImpl 49 debug - Found column "activityStatus", data type 12, in table "volunteerPlatform..activities"
00:53:11.206 DEBUG org.mybatis.generator.logging.commons.JakartaCommonsLoggingImpl 49 debug - Found column "activityPhoto", data type 12, in table "volunteerPlatform..activities"
00:53:11.208 DEBUG org.mybatis.generator.logging.commons.JakartaCommonsLoggingImpl 49 debug - Found column "activityIntegral", data type 4, in table "volunteerPlatform..activities"
00:53:11.215 DEBUG org.mybatis.generator.logging.commons.JakartaCommonsLoggingImpl 49 debug - Retrieving column information for table "activityTypes"
00:53:11.221 DEBUG org.mybatis.generator.logging.commons.JakartaCommonsLoggingImpl 49 debug - Found column "activityTypeId", data type 4, in table "volunteerPlatform..activityTypes"
00:53:11.222 DEBUG org.mybatis.generator.logging.commons.JakartaCommonsLoggingImpl 49 debug - Found column "activityTypeName", data type 12, in table "volunteerPlatform..activityTypes"
